commit f7631e830a72fd885d8f66e0d305e252e3ee5f3f
Merge: cc7aade 704dd3d
Author: Carol Ramsey <carolram@cs.utexas.edu>
Date:   Thu Nov 3 21:07:58 2016 -0500

    Merge branch 'dev' of https://github.com/ChristyTran/cs373-idb into dev

commit cc7aade69fc9145f6935540b8e1f63736b25a6fd
Author: Carol Ramsey <carolram@cs.utexas.edu>
Date:   Thu Nov 3 21:07:53 2016 -0500

    fixes for unit test on about page

commit 704dd3d6394dce98faff68da8af4d82aaf784aec
Author: Ruben Elizondo <relizondo617@gmail.com>
Date:   Thu Nov 3 20:56:20 2016 -0500

    fixed tests

commit 4d94d5abcf0cdf78fb344ecdded39c7f53799a5a
Author: ruben elizondo <ruben.elizondo@utexas.edu>
Date:   Fri Nov 4 01:55:31 2016 +0000

    tests fix

commit 2e50826ec4ec7f52932f886d6c167dc4270ff025
Author: Ruben Elizondo <relizondo617@gmail.com>
Date:   Thu Nov 3 20:50:52 2016 -0500

    fixed tests

commit f82c1fc8f2491252a5cfc36cb33f9b045abd9743
Author: ruben elizondo <ruben.elizondo@utexas.edu>
Date:   Fri Nov 4 01:49:48 2016 +0000

    tests fix

commit 710b71923e49cad83739e4374706ec83c97a7f96
Author: Ruben Elizondo <relizondo617@gmail.com>
Date:   Thu Nov 3 20:46:58 2016 -0500

    adding back tests

commit 273a6d8a2c01996eeb8c87d2ac0d8d06f2d35e32
Author: ruben elizondo <ruben.elizondo@utexas.edu>
Date:   Fri Nov 4 01:44:44 2016 +0000

    adding tests to fix indentation error

commit 1dee34a97984e3a2d62960ef0e47f73bc2f99d3d
Merge: aa75944 fd46348
Author: ruben elizondo <ruben.elizondo@utexas.edu>
Date:   Fri Nov 4 01:43:40 2016 +0000

    Merge branch 'dev' of https://github.com/ChristyTran/cs373-idb into dev

commit aa759442eaf12315be3bb64af72ca1215545c829
Author: ruben elizondo <ruben.elizondo@utexas.edu>
Date:   Fri Nov 4 01:42:58 2016 +0000

    working unit test to browser using magic .

commit fd46348a0db6a9eeaecd080079d55ef11bc19c01
Merge: 5980d65 e5b894b
Author: Carol Ramsey <carolram@cs.utexas.edu>
Date:   Thu Nov 3 20:36:46 2016 -0500

    Merge branch 'dev' of https://github.com/ChristyTran/cs373-idb into dev

commit 5980d65cf201f6fc4db7528f650b20e446938d1f
Author: Carol Ramsey <carolram@cs.utexas.edu>
Date:   Thu Nov 3 20:36:24 2016 -0500

    fix to about.html

commit e5b894b0e94c6d80ffe230074ea2832e45baa898
Author: Ruben Elizondo <relizondo617@gmail.com>
Date:   Thu Nov 3 20:22:30 2016 -0500

    tests

commit 855bc27a0ac7def0dddbb33b4583c38353a4a78a
Author: ruben elizondo <ruben.elizondo@utexas.edu>
Date:   Fri Nov 4 01:21:26 2016 +0000

    tests

commit 41b8ab808fe8fdccd7f7c1ab3f1e70ab2ee16468
Author: Ruben Elizondo <relizondo617@gmail.com>
Date:   Thu Nov 3 20:11:18 2016 -0500

    tests

commit 31559faf5f8bb77862df6ced591851a01e10fb34
Author: ruben elizondo <ruben.elizondo@utexas.edu>
Date:   Fri Nov 4 01:09:33 2016 +0000

    tests

commit fa873061090b3db7486d696d1524a96a41b1f799
Author: Ruben Elizondo <relizondo617@gmail.com>
Date:   Thu Nov 3 19:47:59 2016 -0500

    tests

commit 81ab1aebd9922fd5cb4a77c38753cf5171879f0d
Author: Ruben Elizondo <relizondo617@gmail.com>
Date:   Thu Nov 3 19:46:31 2016 -0500

    working on unit tests

commit a8609e29b89245c3d4a200e9cac07e7104132286
Merge: 142cb48 dcd99cb
Author: ruben elizondo <ruben.elizondo@utexas.edu>
Date:   Fri Nov 4 00:44:23 2016 +0000

    Merge branch 'dev' of https://github.com/ChristyTran/cs373-idb into dev

commit 142cb4848f59db941a6aac2a65ac78b3bf8a10f0
Author: ruben elizondo <ruben.elizondo@utexas.edu>
Date:   Fri Nov 4 00:44:10 2016 +0000

    working on tests

commit dcd99cbdc58a5889e9dd2d074cd768d2732a9a77
Merge: 9066ec3 424f1d7
Author: Carol Ramsey <carolram@cs.utexas.edu>
Date:   Thu Nov 3 19:38:56 2016 -0500

    Merge branch 'dev' of https://github.com/ChristyTran/cs373-idb into dev

commit 9066ec3e6719ee3b86bf4eb05bd4527950715e2e
Author: Carol Ramsey <carolram@cs.utexas.edu>
Date:   Thu Nov 3 19:38:51 2016 -0500

    fix for unit test modal

commit 424f1d708887dfc165101d09e01aa0d0b6e6190a
Author: otisbrower <otisbrower@yahoo.com>
Date:   Thu Nov 3 19:34:37 2016 -0500

    udpated album.html:

commit 3e29600fdfa6414a2db56b832b134148d13a12d4
Author: otisbrower <otisbrower@yahoo.com>
Date:   Thu Nov 3 19:33:54 2016 -0500

    link from albums to artist

commit 0938ce9f53ad5d894184cb376e2a92cbb17c7b7e
Merge: 683d8e2 4022bdc
Author: otisbrower <otisbrower@yahoo.com>
Date:   Thu Nov 3 19:22:32 2016 -0500

    Merge branch 'dev' of https://github.com/ChristyTran/cs373-idb into dev

commit 683d8e292f39efd0d74bfef9991d49ae48b233e0
Author: otisbrower <otisbrower@yahoo.com>
Date:   Thu Nov 3 19:22:21 2016 -0500

    added links from track to artist & album pages

commit 4022bdc0a0e0d7906f150b6ad93757d774b63d4f
Author: Stewart Johnson <shjohnson01@gmail.com>
Date:   Thu Nov 3 19:20:40 2016 -0500

    fix on tests.py

commit d01a538f243e025a8f8f23705a0a4dcf6b76230e
Author: Stewart Johnson <shjohnson01@gmail.com>
Date:   Thu Nov 3 19:18:17 2016 -0500

    fix on tabs, tests.py

commit 803fcef8df880f05cdf2cd0068e7f8ae45ddf221
Merge: 9c465a3 fa80825
Author: otisbrower <otisbrower@yahoo.com>
Date:   Thu Nov 3 19:14:20 2016 -0500

    Merge branch 'dev' of https://github.com/ChristyTran/cs373-idb into dev

commit 9c465a319a907c835049511609dea487c0954856
Author: otisbrower <otisbrower@yahoo.com>
Date:   Thu Nov 3 19:13:57 2016 -0500

    album.html

commit fa808254f419bf857f83cc7e746833245b4535c3
Author: ruben elizondo <ruben.elizondo@utexas.edu>
Date:   Fri Nov 4 00:12:29 2016 +0000

    tabs error

commit ec110f24d8ef0c45f45985d53cd4e68b2759ab23
Author: otisbrower <otisbrower@yahoo.com>
Date:   Thu Nov 3 19:11:59 2016 -0500

    updated track table on album page

commit f2096f360bea758e63bc7f500c2df8a94957e62d
Author: otisbrower <otisbrower@yahoo.com>
Date:   Thu Nov 3 19:10:14 2016 -0500

    clickable table on individual album

commit 7c1427e3b9906d000a9bdcf8c4c4faf2cda8327c
Author: otisbrower <otisbrower@yahoo.com>
Date:   Thu Nov 3 19:06:29 2016 -0500

    clickable artist albums table

commit 01a6d9a6d4ec771d22af9c78cc177ce719a3d7af
Merge: df1e130 e3ebd0b
Author: ruben elizondo <ruben.elizondo@utexas.edu>
Date:   Fri Nov 4 00:04:20 2016 +0000

    Merge branch 'dev' of https://github.com/ChristyTran/cs373-idb into dev

commit df1e130f765670df4c01fefdcf98ce3ade12ab43
Author: ruben elizondo <ruben.elizondo@utexas.edu>
Date:   Fri Nov 4 00:04:12 2016 +0000

    updated css files

commit ec55723f5bc6d2b5d19bf674987388f984d4eb67
Author: ruben elizondo <ruben.elizondo@utexas.edu>
Date:   Thu Nov 3 23:56:42 2016 +0000

    link artist page to album

commit e3ebd0b60821fc41d81460d2a6a3f7195bbd651e
Merge: 813dd14 db32aec
Author: christy.tran <christytran@utexas.edu>
Date:   Thu Nov 3 18:51:58 2016 -0500

    Merge branch 'dev' of https://github.com/ChristyTran/cs373-idb into dev

commit 813dd14d94a3eb23855c4936fb156230cf6a0869
Author: christy.tran <christytran@utexas.edu>
Date:   Thu Nov 3 18:50:08 2016 -0500

    Yet again fixed buttons on index

commit db32aec981e04b66aeeb464d02169a6755d9e8aa
Author: ruben elizondo <ruben.elizondo@utexas.edu>
Date:   Thu Nov 3 23:46:57 2016 +0000

    clickable table on tracks.html

commit b4cef5bca044d888180192c80403020f96c42737
Author: ruben elizondo <ruben.elizondo@utexas.edu>
Date:   Thu Nov 3 23:41:32 2016 +0000

    added clickable table to tracks.html

commit b6c65e9ee826ade6ac83b64133dbf3e2faf5b3f6
Author: ruben elizondo <ruben.elizondo@utexas.edu>
Date:   Thu Nov 3 23:37:28 2016 +0000

    updating html

commit cf24ee839815e5be46c4d1ee5f1cfa1b55589624
Author: Naveen Rajshekhar <naveen.rajshekhar@utexas.edu>
Date:   Thu Nov 3 18:30:53 2016 -0500

    fixed tabs/spaces in tests.py

commit 644c5f5a7c4c4659d68466374036934d0ac29f79
Author: ruben elizondo <ruben.elizondo@utexas.edu>
Date:   Thu Nov 3 23:25:35 2016 +0000

    working on unit tests

commit fc1ac14004ed2177905f0c151b5875e94e12ea5e
Merge: f16f692 5ff07c2
Author: ruben elizondo <ruben.elizondo@utexas.edu>
Date:   Thu Nov 3 23:22:50 2016 +0000

    Merge branch 'dev' of https://github.com/ChristyTran/cs373-idb into dev

commit 5ff07c2c0f73ca87466b7e7b3886de2f5ddf9890
Author: christy.tran <christytran@utexas.edu>
Date:   Thu Nov 3 18:20:38 2016 -0500

    Update for image resizing

commit f16f692bc04a5bd351228d944135e20d40ab2fdd
Author: ruben elizondo <ruben.elizondo@utexas.edu>
Date:   Thu Nov 3 23:19:12 2016 +0000

    working tests button, no output to browser yet

commit c79524ff621c768a1d574cfd0529d525baa88691
Merge: 6416dcf 20784e2
Author: christy.tran <christytran@utexas.edu>
Date:   Thu Nov 3 18:13:31 2016 -0500

    Merge branch 'dev' of https://github.com/ChristyTran/cs373-idb into dev

commit 6416dcf987a26bea417fbd468524994e12d8eac4
Merge: 64a0d55 a014036
Author: christy.tran <christytran@utexas.edu>
Date:   Thu Nov 3 18:13:16 2016 -0500

    Merge branch 'dev' of https://github.com/ChristyTran/cs373-idb into dev

commit 20784e28323f6db778cc15f3f4c083dec7eb4850
Author: otisbrower <otisbrower@yahoo.com>
Date:   Thu Nov 3 18:13:15 2016 -0500

    templates stuff

commit 64a0d5548b20948e8b35248002b6c6b2015dc0b2
Author: christy.tran <christytran@utexas.edu>
Date:   Thu Nov 3 18:13:03 2016 -0500

    Fixed positioning for mobile view again. Fixed all detail page html css

commit a014036c73e0f9f9e12ae8d37ec4b10ede316652
Author: otisbrower <otisbrower@yahoo.com>
Date:   Thu Nov 3 18:11:45 2016 -0500

    templates stuff

commit 05d8d0fd703f98bd24e4f95285027a469125daf9
Author: otisbrower <otisbrower@yahoo.com>
Date:   Thu Nov 3 17:58:39 2016 -0500

    add clickable to albums page

commit 0cd72934f50d73b35e25d521995e913ed84f7cc2
Merge: f884bbf 02f46b0
Author: ruben elizondo <ruben.elizondo@utexas.edu>
Date:   Thu Nov 3 22:45:54 2016 +0000

    Merge branch 'dev' of https://github.com/ChristyTran/cs373-idb into dev

commit f884bbf902122e6f3d3055ec04fb5e3d42c127a2
Author: ruben elizondo <ruben.elizondo@utexas.edu>
Date:   Thu Nov 3 22:45:26 2016 +0000

    fixed app.py unit tests

commit 02f46b0c6de616c1bd71f2f35baf0252cd4af3e1
Author: christy.tran <christytran@utexas.edu>
Date:   Thu Nov 3 17:44:14 2016 -0500

    Repositioned icons so that it does looks correct on mobile view.

commit 33045ed1c431876d39d6c5e16fd842e411ce44d1
Merge: 47871b9 3b5bce1
Author: ruben elizondo <ruben.elizondo@utexas.edu>
Date:   Thu Nov 3 22:32:13 2016 +0000

    Merge branch 'dev' of https://github.com/ChristyTran/cs373-idb into dev

commit 47871b970390f1694968eb85d6926f220d85ca8d
Merge: b108a65 52a0613
Author: ruben elizondo <ruben.elizondo@utexas.edu>
Date:   Thu Nov 3 22:32:04 2016 +0000

    updated html templates

commit 3b5bce143af4e340a7ec8ea45e25d01027bf3276
Author: Christy Tran <christytran.thu@gmail.com>
Date:   Thu Nov 3 17:31:17 2016 -0500

    Update README.md

commit b108a65440ce63b6f379f3ff2711ee1beb9a85fc
Author: ruben elizondo <ruben.elizondo@utexas.edu>
Date:   Thu Nov 3 22:31:13 2016 +0000

    updating html templates

commit 86aaa3f3d6752d05c044b29097cc6fc475e49fc1
Author: ruben elizondo <ruben.elizondo@utexas.edu>
Date:   Thu Nov 3 22:30:32 2016 +0000

    updated html templates

commit 52a0613d8abc6d08a1e1ede3ed492dbd805d3519
Author: christy.tran <christytran@utexas.edu>
Date:   Thu Nov 3 17:20:41 2016 -0500

    Updated commits, issues, and unit test count. Updated links.

commit 0e8ba847e52ab9d4d2adbd6b33ee2542e4f8619d
Author: otisbrower <otisbrower@yahoo.com>
Date:   Thu Nov 3 15:37:50 2016 -0500

    adding cache for faster loading

commit a6a4b93ce0b5998454f3661b475c09bcd301851f
Author: Carol Ramsey <carolram@cs.utexas.edu>
Date:   Thu Nov 3 14:37:40 2016 -0500

    fix for unit tests

commit e88e3e77831dc79d0c833b938e9187ac523f5394
Merge: cebabbb 1054035
Author: Carol Ramsey <carolram@cs.utexas.edu>
Date:   Thu Nov 3 14:24:13 2016 -0500

    Merge branch 'dev' of https://github.com/ChristyTran/cs373-idb into dev

commit cebabbb2adbf5bcef2a6f274bc545f706014777a
Author: Carol Ramsey <carolram@cs.utexas.edu>
Date:   Thu Nov 3 14:24:07 2016 -0500

    try angular fix

commit 10540354cfe291a1db6534399ccc22c10200deef
Author: otisbrower <otisbrower@yahoo.com>
Date:   Thu Nov 3 13:58:08 2016 -0500

    changed home page

commit d1495031179b91417dc3ebb87c38c15825a24b39
Author: Carol Ramsey <carolram@cs.utexas.edu>
Date:   Thu Nov 3 13:46:04 2016 -0500

    add angular.js

commit 2236122912c46484bf8804aa906ec45e2ca90388
Author: Carol Ramsey <carolram@cs.utexas.edu>
Date:   Thu Nov 3 09:06:29 2016 -0500

    fix angular defect

commit ce15e34cc9f1596b6c8b73e486121c550647cdba
Author: ruben elizondo <ruben.elizondo@utexas.edu>
Date:   Thu Nov 3 00:37:45 2016 +0000

    track, artist, album detail pages added

commit cbb7c8e07d4d4e45e4a17ee57e76935bbb11d503
Author: ruben elizondo <ruben.elizondo@utexas.edu>
Date:   Thu Nov 3 00:07:23 2016 +0000

    working table on artist individual page

commit 406044d5879c69871c504c5b0091eecb0b4dbf15
Merge: e04e223 4fe2d95
Author: ruben elizondo <ruben.elizondo@utexas.edu>
Date:   Wed Nov 2 23:44:03 2016 +0000

    fixed merge conflict

commit e04e2230e1f243bf8d8845a29a390e7c84a68181
Author: ruben elizondo <ruben.elizondo@utexas.edu>
Date:   Wed Nov 2 23:42:53 2016 +0000

    updating stuff

commit 4fe2d95fb3619ba321a0d03b5ad5188f50220f22
Author: otisbrower <otisbrower@yahoo.com>
Date:   Wed Nov 2 18:31:13 2016 -0500

    updating track and album tempaltes

commit e5fa692136d11891df2e1a41becd81391f656016
Author: ruben elizondo <ruben.elizondo@utexas.edu>
Date:   Wed Nov 2 23:23:40 2016 +0000

     modified app.py and artists.html, trying to get artists albums working

commit 635fe044dc388e9753691d8f2b03bd46205ca0e4
Author: ruben elizondo <ruben.elizondo@utexas.edu>
Date:   Wed Nov 2 22:33:34 2016 +0000

    adding artist.html

commit 17efb64fb92682bf971402b75a295097eaafd43f
Author: Ruben Elizondo <relizondo617@gmail.com>
Date:   Wed Nov 2 17:27:40 2016 -0500

    help is here

commit c3fac030fe99ff3a350e1a376356408c45e08cfe
Author: ruben elizondo <ruben.elizondo@utexas.edu>
Date:   Wed Nov 2 22:25:28 2016 +0000

    help

commit d145d7d1970da1c0033e9a3ac93c33282e55e313
Author: Carol Ramsey <carolram@cs.utexas.edu>
Date:   Wed Nov 2 16:46:42 2016 -0500

    about defect fix

commit c4b7dbe2dbc977d49f4b8c32219e3d222d22072a
Author: Carol Ramsey <carolram@cs.utexas.edu>
Date:   Wed Nov 2 16:13:41 2016 -0500

    more path fixes

commit c1f9d09d6aa850f2a518441e3ad589afb8c8b0f6
Author: Carol Ramsey <carolram@cs.utexas.edu>
Date:   Wed Nov 2 16:03:54 2016 -0500

    fixed path to app.js

commit b0a76a290d2d3cf41dbadd93ac6bd6a64968519e
Author: Carol Ramsey <carolram@cs.utexas.edu>
Date:   Wed Nov 2 15:52:54 2016 -0500

    fix div tag in about.html

commit 185054ab518799831172a3668b2e66581d961ba3
Author: ruben elizondo <ruben.elizondo@utexas.edu>
Date:   Wed Nov 2 20:41:04 2016 +0000

    moved about.html to app/templates

commit 90ee1ebddc7b60e721c6492a247b931a79aee436
Merge: 61c16fc 1a28c1d
Author: ruben elizondo <ruben.elizondo@utexas.edu>
Date:   Wed Nov 2 20:22:59 2016 +0000

    Merge branch 'dev' of https://github.com/ChristyTran/cs373-idb into dev

commit 61c16fc4977d21024e8cea57bced531f8c1fa136
Author: ruben elizondo <ruben.elizondo@utexas.edu>
Date:   Wed Nov 2 20:22:55 2016 +0000

    working on dynamicly rendering templates

commit 1a28c1d835e594bc3d954a53ed5c68c495c02961
Merge: 393ded4 279a199
Author: Carol Ramsey <carolram@cs.utexas.edu>
Date:   Wed Nov 2 15:00:25 2016 -0500

    Merge branch 'dev' of https://github.com/ChristyTran/cs373-idb into dev

commit 393ded431d172980e4dab9a055c59591e0459ab2
Author: Carol Ramsey <carolram@cs.utexas.edu>
Date:   Wed Nov 2 14:59:31 2016 -0500

    added docs/images

commit 279a199d46953f600983191ee57c9d6fe863b47e
Merge: 7a78c07 c4a8638
Author: ruben elizondo <ruben.elizondo@utexas.edu>
Date:   Wed Nov 2 19:03:19 2016 +0000

    Merge branch 'dev' of https://github.com/ChristyTran/cs373-idb into dev

commit 7a78c0753247975ea7321b40c1738d0fb37856fc
Author: ruben elizondo <ruben.elizondo@utexas.edu>
Date:   Wed Nov 2 19:03:01 2016 +0000

    tables are doing things

commit c4a8638dea88f2ac31fc5eab9e98b2b1a693b9cf
Author: Carol Ramsey <carolram@cs.utexas.edu>
Date:   Wed Nov 2 13:34:23 2016 -0500

    about page run unit tests

commit 6a9781e0ef4d4b906c59304879a033e8e3ea4c4b
Merge: aa2f106 b0dc8cc
Author: Carol Ramsey <carolram@cs.utexas.edu>
Date:   Wed Nov 2 12:57:09 2016 -0500

    Merge branch 'dev' of https://github.com/ChristyTran/cs373-idb into dev

commit b0dc8cc8546cd0e156306cbd79c5bdf208190a4b
Author: ruben elizondo <ruben.elizondo@utexas.edu>
Date:   Wed Nov 2 16:49:23 2016 +0000

    working on dynamic table

commit aa2f1067ea668257b9c1afdfab35be766a0a3fd9
Merge: 18ecd72 bb37b74
Author: Carol Ramsey <carolram@cs.utexas.edu>
Date:   Tue Nov 1 20:27:40 2016 -0500

    Merge branch 'dev' of https://github.com/ChristyTran/cs373-idb into dev

commit 18ecd7253fd418c874340b5cb40c861a67ab147e
Author: Carol Ramsey <carolram@cs.utexas.edu>
Date:   Tue Nov 1 20:27:35 2016 -0500

    changes to run unit tests from about

commit bb37b746b57428fe68256071333baa4003f1e29d
Author: ruben elizondo <ruben.elizondo@utexas.edu>
Date:   Wed Nov 2 00:48:55 2016 +0000

    merged files

commit ae633bc0a2bd6f8435fd898631e61a385cf8228a
Merge: 7347cb0 b2c3214
Author: ruben elizondo <ruben.elizondo@utexas.edu>
Date:   Wed Nov 2 00:47:03 2016 +0000

    merged files to webb host

commit b2c32143b7c42ef9dcad2221d4364665e887312a
Author: Otis <otisbrower@yahoo.com>
Date:   Tue Nov 1 19:44:41 2016 -0500

    merged to files on web host

commit 40eb47cac1ddbe4446a80ec00660ed68030ba6fe
Author: Carol Ramsey <carolram@cs.utexas.edu>
Date:   Tue Nov 1 19:23:07 2016 -0500

    run unit tests added to app.py

commit 7347cb062d218fb19a2c5fa902b07e345ce9837a
Author: ruben elizondo <ruben.elizondo@utexas.edu>
Date:   Tue Nov 1 18:49:18 2016 +0000

    need to cache data table at app startup

commit 351acd2b4100183db33d051d6374fa3da07f23de
Author: otisbrower <otisbrower@yahoo.com>
Date:   Tue Nov 1 11:25:42 2016 -0500

    updating scrape to remember progress

commit 8efbca9d52d74366f73324cdbce9821b60f9cbb8
Author: ruben elizondo <ruben.elizondo@utexas.edu>
Date:   Tue Nov 1 05:12:18 2016 +0000

    tables are a fail

commit fe0e005b49f05bfec82226189b81dec7051e2345
Author: christy.tran <christytran@utexas.edu>
Date:   Mon Oct 31 16:43:38 2016 -0500

    Fixed nav bar for about me page

commit 0c984eb3da3d6c68703fe2ae8456ed815a9637e4
Merge: 5751831 23955e3
Author: christy.tran <christytran@utexas.edu>
Date:   Mon Oct 31 16:34:34 2016 -0500

    Merge branch 'dev' of https://github.com/ChristyTran/cs373-idb into dev

commit 575183131e58f3c44bcb352e8d93c1559becf2c9
Author: christy.tran <christytran@utexas.edu>
Date:   Mon Oct 31 16:34:16 2016 -0500

    Fixed about me layout. Unit test still not fixed due to weird push.

commit 23955e323e77cff462cf6d79521eddbe2796b6ba
Merge: 9cf0bce 14423b2
Author: ruben elizondo <ruben.elizondo@utexas.edu>
Date:   Mon Oct 31 21:10:04 2016 +0000

    Merge branch 'dev' of https://github.com/ChristyTran/cs373-idb into dev

commit 9cf0bce56966281ddb68935728171eec5e4cd203
Author: ruben elizondo <ruben.elizondo@utexas.edu>
Date:   Mon Oct 31 21:09:56 2016 +0000

    trying to dynamically render template

commit 14423b2598ff00caa63b16b250076ccd4f425f41
Merge: abb30c1 a0577da
Author: christy.tran <christytran@utexas.edu>
Date:   Mon Oct 31 16:06:49 2016 -0500

    Fixed margins and removed sort by function

commit abb30c16898709564d06a0f12a4dbbbcf1c774d9
Author: christy.tran <christytran@utexas.edu>
Date:   Mon Oct 31 16:00:35 2016 -0500

    Fixed containers. Now aligns correctly in pillars. Removed sort by option.

commit a0577da57e878521348a50dfd7768edf4112729f
Merge: 7bd47a4 96b8933
Author: Carol Ramsey <carolram@cs.utexas.edu>
Date:   Mon Oct 31 15:39:58 2016 -0500

    updates for Run Unit Tests button

commit 7bd47a489f248f8d9b39197f7853ead03ac84d07
Author: Carol Ramsey <carolram@cs.utexas.edu>
Date:   Mon Oct 31 15:37:38 2016 -0500

    updates for Run Unit Tests button

commit 96b89331674c846cb55ff0a2d3dd206464b3b01e
Author: otisbrower <otisbrower@yahoo.com>
Date:   Mon Oct 31 14:38:52 2016 -0500

    artists.html test

commit 79ca7eada79a3e89640a91b74ee6649876f51cd5
Merge: f0bf102 caeb802
Author: ruben elizondo <ruben.elizondo@utexas.edu>
Date:   Mon Oct 31 19:30:54 2016 +0000

    Merge branch 'dev' of https://github.com/ChristyTran/cs373-idb into dev

commit f0bf1021c3583ac238be112cc098f3da75f02f01
Author: ruben elizondo <ruben.elizondo@utexas.edu>
Date:   Mon Oct 31 19:29:33 2016 +0000

    pull data from DB changes

commit caeb802c62f613939b044fd507e2aebc46750177
Author: otisbrower <otisbrower@yahoo.com>
Date:   Mon Oct 31 13:48:16 2016 -0500

    centered carosuel images

commit 867cb0c112c59f4507b0205cfcc63d7664a7600c
Merge: 43ac099 70efb05
Author: Carol Ramsey <carolram@cs.utexas.edu>
Date:   Mon Oct 31 12:54:52 2016 -0500

    merge push

commit 43ac099e9cba9d11df776a76341e752bafa705fa
Author: Carol Ramsey <carolram@cs.utexas.edu>
Date:   Mon Oct 31 12:50:26 2016 -0500

    app.py populate data

commit 70efb056a7b1568d89fb92db7cdec2e37944248e
Merge: 0ad2bb6 527691f
Author: Ruben Elizondo <relizondo617@gmail.com>
Date:   Mon Oct 31 12:38:04 2016 -0500

    Merge branch 'dev' of https://github.com/ChristyTran/cs373-idb into dev

commit 0ad2bb62014a9b4d4be16187f84ef0f3f5f283dd
Author: Ruben Elizondo <relizondo617@gmail.com>
Date:   Mon Oct 31 12:37:48 2016 -0500

    fixed the carousel, woot woot!

commit 527691fdc91ba5e04bcd37a0e34c5155c7c75727
Author: Carol Ramsey <carolram@cs.utexas.edu>
Date:   Mon Oct 31 12:34:14 2016 -0500

    removed temp code

commit c348f9f8fd461c7f66d145d00696fba169c083d6
Author: Otis <otisbrower@yahoo.com>
Date:   Mon Oct 31 10:04:28 2016 -0500

    updating scrape and makefile

commit 3f38c1a64c9a0e15c630fe9415cb9c77c61dc671
Merge: a9408e2 fddbca8
Author: Carol Ramsey <carolram@cs.utexas.edu>
Date:   Fri Oct 28 15:29:39 2016 -0500

    Merge branch 'dev' of https://github.com/ChristyTran/cs373-idb into dev

commit a9408e2bc97378ff23b14358f4e4296d2c2df15f
Author: Carol Ramsey <carolram@cs.utexas.edu>
Date:   Fri Oct 28 15:28:20 2016 -0500

    updated tests.py

commit fddbca8a28452b6c09025abfeca3ed0fe0e83dbb
Merge: d3fe52e eb1e254
Author: ruben elizondo <ruben.elizondo@utexas.edu>
Date:   Fri Oct 28 19:58:29 2016 +0000

    fixing merge errors

commit d3fe52e88cc644ac11a437d8ae5abc8ea14b47d1
Author: ruben elizondo <ruben.elizondo@utexas.edu>
Date:   Fri Oct 28 19:55:08 2016 +0000

    modified db_worker, db is now starting to get populated

commit eb1e254328ee329507565f563b3ea7a03499110b
Author: Carol Ramsey <carolram@cs.utexas.edu>
Date:   Fri Oct 28 14:44:26 2016 -0500

    Updated Tests.py based on appy.py changes

commit dfee2e948f0fbd9e4fa51a492016b2b6e05f954f
Author: Carol Ramsey <carolram@cs.utexas.edu>
Date:   Fri Oct 28 14:10:56 2016 -0500

    Updated models.py

commit 974d9eebe7d1d8034049369bedcaa2c0313113c6
Author: Carol Ramsey <carolram@cs.utexas.edu>
Date:   Fri Oct 28 14:08:33 2016 -0500

    Added unit tests

commit 45003cc7da8f099b9f6ca497418699236a9f9466
Merge: dde78cc 39b0763
Author: otisbrower <otisbrower@yahoo.com>
Date:   Fri Oct 28 12:55:18 2016 -0500

    Merge branch 'dev' of https://github.com/ChristyTran/cs373-idb into dev

commit dde78cc9a51eaf4ab9fc597f52bcf48d6274a215
Author: otisbrower <otisbrower@yahoo.com>
Date:   Fri Oct 28 12:55:02 2016 -0500

    updating models.py

commit 39b0763c75927830ca69ad8450796916c688281f
Author: ruben elizondo <ruben.elizondo@utexas.edu>
Date:   Fri Oct 28 00:27:34 2016 +0000

    commented out sqlaclchemy-searchable, not being used and causing error in app.py, changed __name__ in loader to make debugging easier, based on api reading, http://flask.pocoo.org/docs/0.11/api/#template-rendering

commit d5d469620339c2db96980c5bfad3c09e9b913e28
Merge: 6910ff7 7b2dfc5
Author: ruben elizondo <ruben.elizondo@utexas.edu>
Date:   Wed Oct 26 22:22:20 2016 +0000

    Merge branch 'dev' of https://github.com/ChristyTran/cs373-idb into dev

commit 6910ff7146f72e21d51b9e05d6769cdfafd22c8f
Author: ruben elizondo <ruben.elizondo@utexas.edu>
Date:   Wed Oct 26 22:21:40 2016 +0000

    added manage.py db_woker.py, database tables created, working on parsing files correctly

commit 7b2dfc51768bd9213c34726ea7df0faa2d068f2b
Author: christy.tran <christytran@utexas.edu>
Date:   Wed Oct 26 16:19:17 2016 -0500

    Changed tabels to hover rather than stripe

commit 7e27091d6cd9c764322cd9deb2c737e9424186da
Merge: 0f22fff efdeb57
Author: christy.tran <christytran@utexas.edu>
Date:   Wed Oct 26 15:33:43 2016 -0500

    Merge branch 'dev' of https://github.com/ChristyTran/cs373-idb into dev

commit 0f22fffadb3a7eaa481a939052e8021bac4119c4
Author: christy.tran <christytran@utexas.edu>
Date:   Wed Oct 26 15:33:28 2016 -0500

    Formating

commit efdeb579dba3265e3f555ac6561dad6bcc63fa9e
Author: ruben elizondo <ruben.elizondo@utexas.edu>
Date:   Wed Oct 26 20:05:55 2016 +0000

    updated app and loader to launch app

commit 4dee54365d0edd437b749e6fa656458e010c7952
Author: christy.tran <christytran@utexas.edu>
Date:   Wed Oct 26 14:51:25 2016 -0500

    No need for pillar css anymore

commit 1ebbdd69132a2e6963193a05006ae0d8d07dee0a
Merge: 59e39e9 0fe69b3
Author: christy.tran <christytran@utexas.edu>
Date:   Wed Oct 26 14:39:58 2016 -0500

    Merge branch 'dev' of https://github.com/ChristyTran/cs373-idb into dev

commit 59e39e92ec9b6efdd659c55a2d6732b5b0f0221b
Author: christy.tran <christytran@utexas.edu>
Date:   Wed Oct 26 14:39:42 2016 -0500

    Added database tables to all pillarsgit add . WOOOOO

commit 0fe69b3940fc4bc59f360a3fbba0bfc68e204146
Author: Carol Ramsey <carolram@cs.utexas.edu>
Date:   Wed Oct 26 14:27:40 2016 -0500

    updated models.py

commit 49bdce337d1bf5ff6a170d4652406b2b176625a8
Author: Carol Ramsey <carolram@cs.utexas.edu>
Date:   Wed Oct 26 13:50:30 2016 -0500

    updated models.py

commit b830476d11fabf9b58f28b6d940700d4d7ee6c5d
Merge: 63a605a 077d4b5
Author: ruben elizondo <ruben.elizondo@utexas.edu>
Date:   Wed Oct 26 18:19:59 2016 +0000

    fixed merge conflicts

commit 077d4b5ae5ec3f77f058993ccde856b76b41981c
Author: otisbrower <otisbrower@yahoo.com>
Date:   Wed Oct 26 13:11:21 2016 -0500

    updated Scrape and models file

commit 28b09449d8fcb138b3ea2d856e7cc3b1145027dd
Author: otisbrower <otisbrower@yahoo.com>
Date:   Tue Oct 25 15:26:04 2016 -0500

    finally finished pulling top 100 data

commit bedfd7114336aef585486136a735b55f625babda
Author: Otis <Otis@Server.local>
Date:   Tue Oct 25 00:39:05 2016 -0500

    stuff

commit 2247db320d92f8ca4cd6793b9b6f04458fddf7af
Author: Otis <Otis@Server.local>
Date:   Mon Oct 24 21:36:12 2016 -0500

    working on data files

commit 3ba091c19ae4e7ab3cb530c1ce7708a85a599d14
Merge: 482c7f3 fac977d
Author: Ruben Elizondo <relizondo617@gmail.com>
Date:   Mon Oct 24 14:44:00 2016 -0500

    Merge branch 'dev' of https://github.com/ChristyTran/cs373-idb into dev

commit 482c7f30eb55a1520dd93a29595a488a1163cef6
Author: Ruben Elizondo <relizondo617@gmail.com>
Date:   Mon Oct 24 14:43:38 2016 -0500

    fixed pydoc, make models.html is now functional

commit fac977dabf51a4c4f9ea08e6baa94d572bf3dbf3
Merge: 1dc38c1 bbcc5da
Author: otisbrower <otisbrower@yahoo.com>
Date:   Mon Oct 24 14:38:59 2016 -0500

    data files

commit 1dc38c1c2e6460ff37e1c11ef9dc8735d95cf62e
Author: otisbrower <otisbrower@yahoo.com>
Date:   Mon Oct 24 14:37:02 2016 -0500

    updating data files

commit bbcc5daec21caca7f72c72898eb6b0a4c7c52f3c
Author: christy.tran <christytran@utexas.edu>
Date:   Mon Oct 24 13:41:43 2016 -0500

    updated about me details

commit f9614dc5723f4d17247ccd54995514137bdd73e7
Author: christy.tran <christytran@utexas.edu>
Date:   Mon Oct 24 13:30:27 2016 -0500

    added navbar to all pillar pages

commit 7a411d6246b9c60fcc8a354fc4a35f1d9e5e31a7
Author: christy.tran <christytran@utexas.edu>
Date:   Mon Oct 24 12:34:51 2016 -0500

    Removed carousel, added cover.css, updated all html

commit 7dd6f2d07a32c9f9d0150811819563f341634e6d
Author: Otis <Otis@Server.local>
Date:   Mon Oct 24 01:04:48 2016 -0500

    updating database cache files

commit 63a605aadc41a77d266fc0b1c7090fb9df71b0dc
Merge: a727d9c 5fba475
Author: ruben elizondo <ruben.elizondo@utexas.edu>
Date:   Fri Oct 21 02:36:56 2016 +0000

    Merge branch 'dev' of https://github.com/ChristyTran/cs373-idb into dev

commit a727d9ce9e003b174ede3693e410925e4086cd10
Author: ruben elizondo <ruben.elizondo@utexas.edu>
Date:   Fri Oct 21 02:36:44 2016 +0000

    added models.html and updated app and models

commit 5fba475debee9d00215508aa03bfae7c33ea4f08
Merge: fe5f57b 4fffdb8
Author: Carol Ramsey <carolram@cs.utexas.edu>
Date:   Thu Oct 20 21:17:50 2016 -0500

    Merge branch 'dev' of https://github.com/ChristyTran/cs373-idb into dev

commit fe5f57b5c42dc000777a5901126b1ed9f87d3f7c
Author: Carol Ramsey <carolram@cs.utexas.edu>
Date:   Thu Oct 20 21:17:28 2016 -0500

    added UML.pdf

commit 4fffdb85844bc089b14e4449db501fe3d7547152
Merge: 4059180 8b13cea
Author: otisbrower <otisbrower@yahoo.com>
Date:   Thu Oct 20 21:02:05 2016 -0500

    Merge branch 'dev' of https://github.com/ChristyTran/cs373-idb into dev

commit 4059180cdc40a7db733be912f7ad049cd40cf7d5
Author: otisbrower <otisbrower@yahoo.com>
Date:   Thu Oct 20 21:01:54 2016 -0500

    updated makefile

commit 8b13cea1cf60f1295aee10a22f41ecde6f32adc7
Author: ruben elizondo <ruben.elizondo@utexas.edu>
Date:   Fri Oct 21 01:57:57 2016 +0000

    add modified app and models.py

commit 7cea93b143376cf5a31157c2f7c91b3b9a5b2b6f
Author: Carol Ramsey <carolram@cs.utexas.edu>
Date:   Thu Oct 20 20:39:49 2016 -0500

    renamed test.py to tests.py

commit 8e7ec8690422449f855fc5c1dceaab32a648e99c
Author: otisbrower <otisbrower@yahoo.com>
Date:   Thu Oct 20 20:38:59 2016 -0500

    added makefile

commit 072a9dacab0a5841a97345e4af84ab543eab1bf6
Author: Carol Ramsey <carolram@cs.utexas.edu>
Date:   Thu Oct 20 20:38:23 2016 -0500

    tests.py

commit ab85f619a7f225cc44743a93c31935f81898c95c
Merge: ea4f984 55d8ff4
Author: ruben elizondo <ruben.elizondo@utexas.edu>
Date:   Fri Oct 21 01:04:13 2016 +0000

    Merge branch 'dev' of https://github.com/ChristyTran/cs373-idb into dev

commit ea4f984240fca8bef1264bec57e0005f94a9e93a
Author: ruben elizondo <ruben.elizondo@utexas.edu>
Date:   Fri Oct 21 01:03:43 2016 +0000

    merge commands

commit ffdf1569dc7e2e5d83968a17d55809fe0705b4ed
Author: ruben elizondo <ruben.elizondo@utexas.edu>
Date:   Fri Oct 21 01:01:22 2016 +0000

    fixed syntax errors

commit 55d8ff4761d4e4d2b7afbfec0a90eae86788a208
Merge: 88b98e8 387481a
Author: christy.tran <christytran@utexas.edu>
Date:   Thu Oct 20 19:56:19 2016 -0500

    Merge branch 'dev' of https://github.com/ChristyTran/cs373-idb into dev

commit 88b98e82ae7d6b60cffcb80d196f1ca8878e4800
Author: christy.tran <christytran@utexas.edu>
Date:   Thu Oct 20 19:56:07 2016 -0500

    Add log

commit 387481a55afbc41d147911512d4e4c123c55d3ca
Author: ruben elizondo <ruben.elizondo@utexas.edu>
Date:   Fri Oct 21 00:55:46 2016 +0000

    added models.py and renamed app_test.py to test.py to adhere to turnin naming conventions

commit 2a904f91474f998a13a1df4523bf063c9af656dd
Merge: e2b2888 0b2bfd4
Author: Ruben Elizondo <relizondo617@gmail.com>
Date:   Thu Oct 20 19:46:27 2016 -0500

    Merge branch 'dev' of https://github.com/ChristyTran/cs373-idb into dev

commit e2b28880a598d6eeea0e63a931ba41cf2ffe1246
Author: Ruben Elizondo <relizondo617@gmail.com>
Date:   Thu Oct 20 19:46:18 2016 -0500

    added json_file_to be added

commit 0b2bfd430242564a94107c5e90f82ffb693d31e7
Author: ChristyTran <christytran.thu@gmail.com>
Date:   Thu Oct 20 19:41:54 2016 -0500

    Update about.html

commit d8a6338d4b7929550de4f15ab573cde6d5bb940d
Merge: 8e9b758 8b1895c
Author: christy.tran <christytran@utexas.edu>
Date:   Thu Oct 20 19:34:43 2016 -0500

    Merge branch 'dev' of https://github.com/ChristyTran/cs373-idb into dev

commit 8e9b758cd413287ae68aef28765cd19d5cb42c5f
Author: christy.tran <christytran@utexas.edu>
Date:   Thu Oct 20 19:34:25 2016 -0500

    rename title

commit 08558bafdf56d55702d8f530b6f45220df5e9e1b
Author: christy.tran <christytran@utexas.edu>
Date:   Thu Oct 20 19:33:03 2016 -0500

    Added more requirements for aboutme

commit 8b1895c73e69a09314075c52461b728d668dcc49
Merge: 99c6703 1f83e2c
Author: otisbrower <otisbrower@yahoo.com>
Date:   Thu Oct 20 19:32:17 2016 -0500

    Merge branch 'dev' of https://github.com/ChristyTran/cs373-idb into dev

commit 99c670359710e0afd7be7218471f3cf175b024a8
Author: otisbrower <otisbrower@yahoo.com>
Date:   Thu Oct 20 19:32:05 2016 -0500

    add otis info to json file

commit 1f83e2cda6ac6b5c09255b6fa93f6c7ef6e58fc9
Merge: 36ed687 43372d8
Author: ruben elizondo <ruben.elizondo@utexas.edu>
Date:   Fri Oct 21 00:19:36 2016 +0000

    Merge branch 'dev' of https://github.com/ChristyTran/cs373-idb into dev

commit 36ed687f0ceedd34231e713b343b9a782ef5048a
Author: ruben elizondo <ruben.elizondo@utexas.edu>
Date:   Fri Oct 21 00:19:33 2016 +0000

    fixed app.py isssue

commit 43372d80286397661f8dcbaf8f9a7c9e244c32e2
Author: otisbrower <otisbrower@yahoo.com>
Date:   Thu Oct 20 19:19:08 2016 -0500

    finished layouts for albums and artists

commit 7be835f0dfcae6db625b38d9b9284ee0d5754071
Merge: 587160d b45770e
Author: Ruben Elizondo <relizondo617@gmail.com>
Date:   Thu Oct 20 19:17:56 2016 -0500

    Merge branch 'dev' of https://github.com/ChristyTran/cs373-idb into dev

commit 587160dbd0a474f94177a950c5ee14ce13698de0
Author: Ruben Elizondo <relizondo617@gmail.com>
Date:   Thu Oct 20 19:17:29 2016 -0500

    added apiary.apy file

commit b45770e53777824dda58b16c07cf61d075d1b7e1
Merge: bcb82cf 14cbff0
Author: otisbrower <otisbrower@yahoo.com>
Date:   Thu Oct 20 19:00:08 2016 -0500

    Merge branch 'dev' of https://github.com/ChristyTran/cs373-idb into dev

commit bcb82cfa7b7957e58335eddf81b08c597cc2958e
Merge: f125114 996fe5b
Author: otisbrower <otisbrower@yahoo.com>
Date:   Thu Oct 20 18:59:54 2016 -0500

    removed footers

commit 14cbff09c45e924cb634e38aff6c1da25e4f7ac3
Author: ChristyTran <christytran.thu@gmail.com>
Date:   Thu Oct 20 18:59:11 2016 -0500

    Update json_file_to_be_added

commit f125114e116234c4026f35438f23dc251fb68975
Author: otisbrower <otisbrower@yahoo.com>
Date:   Thu Oct 20 18:57:08 2016 -0500

    removed footer from all pages

commit 996fe5b0335ea627e0b2579491dfcb31045c12ea
Author: christy.tran <christytran@utexas.edu>
Date:   Thu Oct 20 18:56:20 2016 -0500

    Fixed aboutme.css and removed footers

commit 3f7b2f1195fbade1fde79c544759bf9cdb9ec0d0
Merge: a443199 b7fe4a6
Author: Ruben Elizondo <relizondo617@gmail.com>
Date:   Thu Oct 20 18:34:41 2016 -0500

    Merge branch 'dev' of https://github.com/ChristyTran/cs373-idb into dev

commit a443199a153dee1e1c56f1bd0ca1cc4c9c7d2abc
Author: Ruben Elizondo <relizondo617@gmail.com>
Date:   Thu Oct 20 18:34:24 2016 -0500

    closes #8, added unit tests file,  and json schema in app.py

commit b7fe4a63003be96af187fc7e472f18dbe0b0c7a7
Merge: e28d2d9 f1db89a
Author: otisbrower <otisbrower@yahoo.com>
Date:   Thu Oct 20 18:16:26 2016 -0500

    Merge branch 'dev' of https://github.com/ChristyTran/cs373-idb into dev

commit e28d2d9baf54f562bac49aadbb3b1f63fd29319d
Author: otisbrower <otisbrower@yahoo.com>
Date:   Thu Oct 20 18:16:10 2016 -0500

    layout for artist pages

commit f1db89ad33e9ad089d84cf5f79e3ed0e895c7f2d
Author: ChristyTran <christytran.thu@gmail.com>
Date:   Thu Oct 20 17:26:58 2016 -0500

    Create json_file_to_be_added

commit 5d9a3ce6a409417c676b34e597811ddc461faf79
Author: otisbrower <otisbrower@yahoo.com>
Date:   Thu Oct 20 17:04:03 2016 -0500

    working on html layout

commit 4713d7b4480ba76f8f03260259fa9de5c59cf305
Author: ruben elizondo <ruben.elizondo@utexas.edu>
Date:   Thu Oct 20 16:01:42 2016 +0000

    added method to produce the index.html, workaround for nav bar not working from artists,about,albums pages

commit b72e4ceeae95a1aacf715ee4c6bfd34d269a49b2
Author: Stewart Johnson <shjohnson01@gmail.com>
Date:   Thu Oct 20 03:28:00 2016 -0500

    Add static content

commit 6b5186244151e94959b37b6dc61b68dd009ceb9c
Merge: a35076c e88a66a
Author: Otis <otisbrower@yahoo.com>
Date:   Thu Oct 20 00:20:40 2016 -0500

    Merge branch 'dev' of https://github.com/ChristyTran/cs373-idb into dev

commit a35076c02249e6efa0abbdad2c3b3d72870f4388
Author: Otis <otisbrower@yahoo.com>
Date:   Thu Oct 20 00:20:23 2016 -0500

    worked on carousel function

commit e88a66a1a2dde1eb7d7158b6136526ac7705fa2a
Author: ruben elizondo <ruben.elizondo@utexas.edu>
Date:   Thu Oct 20 04:44:42 2016 +0000

    modified app.wsgi and app/app.py to include sanity()

commit a6ee01c721819019fbc7a8a937ed018bb87add2a
Author: Ruben Elizondo <relizondo617@gmail.com>
Date:   Wed Oct 19 23:12:33 2016 -0500

    added witty bio

commit 2a030999ce32f246c808fa7eac83d235c4ee7d46
Author: Otis <otisbrower@yahoo.com>
Date:   Wed Oct 19 22:00:54 2016 -0500

    updated bio

commit bb20907000014e87f638cea4b101034db04cab34
Merge: b3cc758 1616341
Author: christy.tran <christytran@utexas.edu>
Date:   Wed Oct 19 21:21:28 2016 -0500

    Merge branch 'dev' of https://github.com/ChristyTran/cs373-idb into dev

commit b3cc75810901c6b4ca521a622080b1cd6784333f
Author: christy.tran <christytran@utexas.edu>
Date:   Wed Oct 19 21:21:15 2016 -0500

    Wrong files again

commit 1616341a0dc82e4e49cf1964b3bb7820c1916763
Author: ChristyTran <christytran.thu@gmail.com>
Date:   Wed Oct 19 21:20:22 2016 -0500

    Wrong file added

commit 7462b996af3acd3340dc356a632da88b71995956
Author: christy.tran <christytran@utexas.edu>
Date:   Wed Oct 19 17:19:50 2016 -0500

    Updated carousel

commit 7eb94396582447494993ca3a0ac4dc6c9ea7306f
Author: christy.tran <christytran@utexas.edu>
Date:   Wed Oct 19 17:02:16 2016 -0500

    Resized files, added images

commit 3238598e6759582474a26bb78a38ab3731e79b3f
Merge: 87c7a32 72be818
Author: christy.tran <christytran@utexas.edu>
Date:   Wed Oct 19 16:35:46 2016 -0500

    Merge branch 'dev' of https://github.com/ChristyTran/cs373-idb into dev

commit 87c7a32fb7ff2a9d2029fbb369e9e2b5f17373c9
Author: christy.tran <christytran@utexas.edu>
Date:   Wed Oct 19 16:34:20 2016 -0500

    Updated media content

commit 72be818668351c73e77a111bf9eb32dceeb8062f
Author: Carol Ramsey <carolram@cs.utexas.edu>
Date:   Wed Oct 19 16:17:47 2016 -0500

    clean images folder

commit 1e761ee8ca681fac10c50dc8f71bc208d02a5cfb
Merge: 9133f44 03899f9
Author: christy.tran <christytran@utexas.edu>
Date:   Wed Oct 19 16:09:36 2016 -0500

    Merge branch 'dev' of https://github.com/ChristyTran/cs373-idb into dev

commit 9133f443dc5744d1547dfd96d3ec23752ffe1a9a
Author: christy.tran <christytran@utexas.edu>
Date:   Wed Oct 19 16:09:20 2016 -0500

    Updated more links

commit 35cd9b70a4002fcbd95b4a3c73dff51c22952e61
Author: christy.tran <christytran@utexas.edu>
Date:   Wed Oct 19 16:00:51 2016 -0500

    Updated links

commit 03899f9e5e9c2dfc711829315b2f09be2cb99a16
Merge: c6eb474 bc02c7d
Author: Carol Ramsey <carolram@cs.utexas.edu>
Date:   Wed Oct 19 15:58:00 2016 -0500

    Merge branch 'dev' of https://github.com/ChristyTran/cs373-idb into dev

commit c6eb474421c5c950a998abd829dbb7c847c3b89f
Author: Carol Ramsey <carolram@cs.utexas.edu>
Date:   Wed Oct 19 15:57:55 2016 -0500

    add media

commit bc02c7d2b5b7ef0f63053cd2d1ae7b3534e19b1c
Author: christy.tran <christytran@utexas.edu>
Date:   Wed Oct 19 15:52:10 2016 -0500

    Fixed links after reorganization

commit 061692216a48c8a984cae8063ecb94c679546534
Author: christy.tran <christytran@utexas.edu>
Date:   Wed Oct 19 15:30:15 2016 -0500

    minor updates

commit 063ef5873ee440febccd65023f3c7c8c7a43f217
Author: Stewart Johnson <shjohnson01@gmail.com>
Date:   Wed Oct 19 15:13:35 2016 -0500

    remove artist.html

commit 144d1141424dc5c3206d89ace768f60c54df181d
Author: Stewart Johnson <shjohnson01@gmail.com>
Date:   Wed Oct 19 15:11:46 2016 -0500

    Add artist img urls

commit 55f9b747056e350d1b726e9a832daff058cc1c26
Author: ruben elizondo <ruben.elizondo@utexas.edu>
Date:   Wed Oct 19 20:06:52 2016 +0000

    awsome commit

commit aa5f50a2bf44474eb3cdd63efd782de56dd1ee77
Author: Stewart Johnson <shjohnson01@gmail.com>
Date:   Wed Oct 19 14:57:31 2016 -0500

    Add artists

commit 68ab767ad144f5d20e7356206e8fa7d97f1b5339
Author: Stewart Johnson <shjohnson01@gmail.com>
Date:   Wed Oct 19 14:52:41 2016 -0500

    relocation bug fix

commit eb19b63ba8f7fbcfbfeeac84ce543f0c34ad4b1d
Author: Stewart Johnson <shjohnson01@gmail.com>
Date:   Wed Oct 19 14:49:00 2016 -0500

    Add artists links

commit aa46f439c58fa12c8d802d393deb788c2b3632a3
Author: ruben elizondo <ruben.elizondo@utexas.edu>
Date:   Wed Oct 19 19:43:42 2016 +0000

    restructured directory

commit 520ac45b866da85beace6995f1c0ab49281dd4f2
Merge: f01e640 b3944cc
Author: Carol Ramsey <carolram@cs.utexas.edu>
Date:   Wed Oct 19 14:34:43 2016 -0500

    Merge branch 'dev' of https://github.com/ChristyTran/cs373-idb into dev

commit b3944cc9b7776f43535b880a7b91f12918886f96
Author: Stewart Johnson <shjohnson01@gmail.com>
Date:   Wed Oct 19 14:32:29 2016 -0500

    Add more headers

commit f01e64001cdc8a45374302040b30350872620aba
Merge: 4af8888 de8fefa
Author: Carol Ramsey <carolram@cs.utexas.edu>
Date:   Wed Oct 19 14:31:55 2016 -0500

    fix merge issue

commit 4af8888549b405e72b7c161695a75db035493763
Author: Carol Ramsey <carolram@cs.utexas.edu>
Date:   Wed Oct 19 14:25:53 2016 -0500

    updated cache files

commit de8fefaf947105ff7a532251a22b8d3856113a29
Author: Stewart Johnson <shjohnson01@gmail.com>
Date:   Wed Oct 19 14:23:10 2016 -0500

    Add static progress

commit 0f07a72fc836e2fd247eeef77aca1811fcf88aee
Author: christy.tran <christytran@utexas.edu>
Date:   Wed Oct 19 14:10:13 2016 -0500

    Add ruben's photo

commit 729914fb9ef01f7c4397db8a7e62da7b58aa7f77
Author: christy.tran <christytran@utexas.edu>
Date:   Wed Oct 19 14:09:39 2016 -0500

    Update team info

commit 8fd4ee8d9b3780bee3ac109daa19bf35b42635d5
Author: christy.tran <christytran@utexas.edu>
Date:   Wed Oct 19 13:58:30 2016 -0500

    Adding team and individual stats

commit acebf069e6ee40f79b861ccc8e9176de2a14b59d
Author: christy.tran <christytran@utexas.edu>
Date:   Wed Oct 19 13:22:29 2016 -0500

    Fixed about me and navbar to be relative.

commit 36e4d4157d5b3f88335710e57ab70e3f14ad7ea7
Author: christy.tran <christytran@utexas.edu>
Date:   Wed Oct 19 12:24:27 2016 -0500

    Removed some scripts from travis.yml file

commit acd98315fc06c84d28608d7a30722f9f6e20eb56
Author: christy.tran <christytran@utexas.edu>
Date:   Wed Oct 19 12:20:46 2016 -0500

    Add sudo to travis.yml file

commit 8781ef63b71519828593fb1b4a5c9bac3d0279ae
Author: christy.tran <christytran@utexas.edu>
Date:   Wed Oct 19 12:17:15 2016 -0500

    Try to trigger travis to build again

commit c07e8440459a43b7dd307a83787e399afe0a7818
Author: christy.tran <christytran@utexas.edu>
Date:   Wed Oct 19 12:15:59 2016 -0500

    Try to trigger travis to build

commit 1332551a15ea055c3e045ada79c09eebee0e50b7
Merge: e7580b4 90568e2
Author: Carol Ramsey <carolram@cs.utexas.edu>
Date:   Wed Oct 19 12:10:07 2016 -0500

    Merge branch 'dev' of https://github.com/ChristyTran/cs373-idb into dev
    
    because?

commit 90568e252688624e2c4bf371f27264fdb3efa9b9
Author: Otis <otisbrower@yahoo.com>
Date:   Wed Oct 19 09:47:30 2016 -0500

    updated data caches, few updates on htmls

commit 212614863a15645e7da00905400fe565b25d1fc2
Merge: e8688e6 feee2ec
Author: christy.tran <christytran@utexas.edu>
Date:   Tue Oct 18 11:17:14 2016 -0500

    Merge branch 'dev' of https://github.com/ChristyTran/cs373-idb into dev

commit e8688e6de849913d0d030e487a02f9612cad8162
Author: christy.tran <christytran@utexas.edu>
Date:   Tue Oct 18 11:16:54 2016 -0500

    Attempt to add .travis and requirements.txt. Also added Stewart to the aboutme page

commit feee2ec68233f16f6bd0cf51badd15766c14833d
Author: ruben elizondo <ruben.elizondo@utexas.edu>
Date:   Tue Oct 18 01:29:30 2016 +0000

    readding static folder with only htmls and adding app.y and app.wsgi that got removed during last pull

commit 69b99d827b922b8c414e8e76aa283b5d91cadcda
Author: ruben elizondo <ruben.elizondo@utexas.edu>
Date:   Mon Oct 17 22:04:07 2016 +0000

    moved bootstrap directory into app/, website renders html page,for now...

commit e7580b463b11da22b9f436b65b6ce5d3b5efaf48
Merge: 238d42e a6746cf
Author: Carol Ramsey <carolram@cs.utexas.edu>
Date:   Mon Oct 17 16:43:53 2016 -0500

    Merge branch 'dev' of https://github.com/ChristyTran/cs373-idb into dev

commit 238d42eca1e27dbb10ad91115f74f6311391c2ee
Author: Carol Ramsey <carolram@cs.utexas.edu>
Date:   Mon Oct 17 16:41:41 2016 -0500

    artist page

commit a6746cf92b964c04288dc6272a8a536b50196e63
Author: christy.tran <christytran@utexas.edu>
Date:   Mon Oct 17 16:40:17 2016 -0500

    Add aboutme.css

commit 5f2298b8d5e71b05f6a119afeba58a9569bbc814
Author: christy.tran <christytran@utexas.edu>
Date:   Mon Oct 17 16:32:29 2016 -0500

    Added placeholders for each member and link to github

commit b3d5fe414cfcd98428271c09ce88c4db7d7b1f1c
Author: christy.tran <christytran@utexas.edu>
Date:   Mon Oct 17 16:24:43 2016 -0500

    Updated to make images and buttons on images for three pillars clickable

commit bd348e0c7a4500a6a8b61edd79c5206238d79d7a
Author: Carol Ramsey <carolram@cs.utexas.edu>
Date:   Mon Oct 17 16:13:23 2016 -0500

    edit to index

commit cce05577b00cebb911db3d269f0266aed70d4781
Author: Carol Ramsey <carolram@cs.utexas.edu>
Date:   Mon Oct 17 16:00:31 2016 -0500

    change to index

commit ab3ee739e7bff0109c376f479275b27a8815f720
Author: Carol Ramsey <carolram@cs.utexas.edu>
Date:   Mon Oct 17 15:59:37 2016 -0500

    added pillar.css

commit 03d01d978b80c11d913d1e58900c2b9db3821f1f
Author: Carol Ramsey <carolram@cs.utexas.edu>
Date:   Mon Oct 17 15:59:04 2016 -0500

    added artist.html

commit 1c3933ea732a3b54ba799ddbf0d9203e4d71ddaa
Merge: d44241f 13ec50c
Author: Carol Ramsey <carolram@cs.utexas.edu>
Date:   Mon Oct 17 15:55:41 2016 -0500

    change to index

commit d44241fcc3aaaddbe9eef75cf1e690302ef6780d
Author: Carol Ramsey <carolram@cs.utexas.edu>
Date:   Mon Oct 17 15:49:04 2016 -0500

    changes to index.html

commit 13ec50cade287c152df508ddb74e545d0cef34df
Author: christy.tran <christytran@utexas.edu>
Date:   Mon Oct 17 15:40:16 2016 -0500

    Created blank home page and edited paths for tabs

commit 2aaf827b4d2839ed4387e270a7c818f78b1af20b
Author: christy.tran <christytran@utexas.edu>
Date:   Mon Oct 17 15:05:29 2016 -0500

    Adding carousel.css file

commit 1639933816c98115cb8007b5367a606de67550ca
Author: christy.tran <christytran@utexas.edu>
Date:   Mon Oct 17 14:32:41 2016 -0500

    Updated the path name for bootstrap

commit f3c60de83f2305ae194f57d8dcc120df85964bad
Author: christy.tran <christytran@utexas.edu>
Date:   Mon Oct 17 13:25:02 2016 -0500

    html and css in wrong place, removing

commit 3f3a282aa3aeeef7ecfb6243fea250eff04469b7
Author: christy.tran <christytran@utexas.edu>
Date:   Mon Oct 17 13:06:12 2016 -0500

    Added references to bootstrap page

commit e68f36e52e2c9d250970074b08ed7b420602325e
Author: christy.tran <christytran@utexas.edu>
Date:   Mon Oct 17 12:59:05 2016 -0500

    Initial bootstrap html and css files, still some config left with linking the two.

commit 9d0be53f2395ef54e55ce1014992c247ff501a92
Merge: 1e4189d 0ba78d4
Author: christy.tran <christytran@utexas.edu>
Date:   Mon Oct 17 12:58:16 2016 -0500

    Merge branch 'dev' of https://github.com/ChristyTran/cs373-idb into dev

commit 1e4189ddf0cf6c6d9feaefc7bcbd55dc0b5780a0
Author: christy.tran <christytran@utexas.edu>
Date:   Mon Oct 17 12:56:07 2016 -0500

    Initial bootstrap html and css files, still some config left with linking the two.

commit 0ba78d466a64369842be549839172f888e28117c
Author: Otis <otisbrower@yahoo.com>
Date:   Mon Oct 17 09:26:44 2016 -0500

    initial artist, album and song lists

commit 3afcb214e0c93ecca9d8b62db06e9266bd75ad86
Merge: 726c792 5fa7a31
Author: otisbrower <otisbrower@yahoo.com>
Date:   Sun Oct 16 13:20:59 2016 -0500

    Merge branch 'dev' of https://github.com/ChristyTran/cs373-idb into dev

commit 726c792c32091f58e84ca883b43f62e375d3037f
Author: otisbrower <otisbrower@yahoo.com>
Date:   Sun Oct 16 13:20:51 2016 -0500

    Scrape files

commit 5fa7a314b14f0dfaa9593b4e0d23801dba8efa97
Author: Naveen Rajshekhar <naveen.rajshekhar@utexas.edu>
Date:   Fri Oct 14 15:37:18 2016 -0500

    Create CNAME

commit b198f06565d3ec7616fc6da790a6d1a184ce5ac6
Author: Carol Ramsey <carolram@cs.utexas.edu>
Date:   Fri Oct 14 14:56:00 2016 -0500

    added bootstrap

commit cef785bf089d06d6bcec3b21166e21393ae18ef6
Author: Carol Ramsey <carolram@cs.utexas.edu>
Date:   Fri Oct 14 13:06:18 2016 -0500

    first commit
